[2026-05-19 14:37:34:3734] info: 
📧 SIMULATED EMAIL TO: new.staff@gmail.com
[2026-05-19 14:37:34:3734] debug: Subject: You've been invited to join the Agency
[2026-05-19 14:37:34:3734] debug: Click here to accept: http://localhost:3000/join-agency?token=eyJhbGciOiJIUzI1NiIsInR5cCI6IkpXVCJ9.eyJhZ2VuY3lJZCI6IjZhMGMwMTVmOTZjYTY5Zjk4N2VjMmY0MyIsImVtYWlsIjoibmV3LnN0YWZmQGdtYWlsLmNvbSIsImlhdCI6MTc3OTE5Nzg1NCwiZXhwIjoxNzc5Mjg0MjU0fQ.61SiDxI2YvF2iQ-uuERe_1cIBUmnksy5fQx2628lo1Q

[2026-05-19 14:41:05:415] info: 📡 MongoDB Engine Engaged: localhost
[2026-05-19 16:02:34:234] info: 📡 MongoDB Engine Engaged: localhost
[2026-05-19 16:03:31:331] info: 📡 MongoDB Engine Engaged: localhost
[2026-05-19 16:04:25:425] info: 📡 MongoDB Engine Engaged: localhost
[2026-05-19 16:04:36:436] info: 📡 MongoDB Engine Engaged: localhost
[2026-05-20 10:02:12:212] warn: [POST /api/v1/auth/register] ⚠️ body.phoneNumber : Invalid input: expected string, received undefined
[2026-05-20 13:12:43:1243] info: 📡 MongoDB Engine Engaged: localhost
[2026-05-20 13:36:25:3625] info: 📡 MongoDB Engine Engaged: localhost
[2026-05-20 16:32:45:3245] info: 📡 MongoDB Engine Engaged: localhost
[2026-05-20 16:33:07:337] info: 📡 MongoDB Engine Engaged: localhost
[2026-05-20 16:33:30:3330] info: 📡 MongoDB Engine Engaged: localhost
[2026-05-20 16:58:47:5847] info: 📡 MongoDB Engine Engaged: localhost
[2026-05-20 23:22:04:224] info: 📡 MongoDB Engine Engaged: localhost
[2026-05-20 23:25:23:2523] info: 📡 MongoDB Engine Engaged: localhost
[2026-05-20 23:25:35:2535] info: 📡 MongoDB Engine Engaged: localhost
[2026-05-20 23:27:00:270] info: 📡 MongoDB Engine Engaged: localhost
[2026-05-21 00:05:09:59] info: 📡 MongoDB Engine Engaged: localhost
[2026-05-21 00:05:21:521] info: 📡 MongoDB Engine Engaged: localhost
[2026-05-21 00:05:25:525] info: 📡 MongoDB Engine Engaged: localhost
[2026-05-21 00:07:46:746] error: [POST /api/v1/auth/invite-agent] ❌ AppError is not defined
Stack: ReferenceError: AppError is not defined
    at inviteAgent (file:///D:/RENTALS%20BACKEND/src/controllers/auth.controller.js:82:21)
    at Layer.handleRequest (D:\RENTALS BACKEND\node_modules\router\lib\layer.js:152:17)
    at next (D:\RENTALS BACKEND\node_modules\router\lib\route.js:157:13)
    at file:///D:/RENTALS%20BACKEND/src/middleware/auth.middleware.js:34:3
    at process.processTicksAndRejections (node:internal/process/task_queues:105:5)
[2026-05-21 00:08:20:820] info: 📡 MongoDB Engine Engaged: localhost
[2026-05-21 00:08:32:832] warn: [POST /api/v1/auth/invite-agent] ⚠️ Target email and Agency ID are strictly required
[2026-05-21 00:11:03:113] error: [POST /api/v1/auth/invite-agent] ❌ Failed to dispatch the invitation email. Please check your SMTP configuration.
Stack: Error: Failed to dispatch the invitation email. Please check your SMTP configuration.
    at inviteAgent (file:///D:/RENTALS%20BACKEND/src/controllers/auth.controller.js:158:17)
    at Layer.handleRequest (D:\RENTALS BACKEND\node_modules\router\lib\layer.js:152:17)
    at next (D:\RENTALS BACKEND\node_modules\router\lib\route.js:157:13)
    at file:///D:/RENTALS%20BACKEND/src/middleware/auth.middleware.js:34:3
    at process.processTicksAndRejections (node:internal/process/task_queues:105:5)
[2026-05-21 00:17:19:1719] info: 📡 MongoDB Engine Engaged: localhost
[2026-05-21 00:21:10:2110] info: 📡 MongoDB Engine Engaged: localhost
[2026-05-21 00:33:11:3311] warn: [POST /api/v1/auth/accept-invite] ⚠️ The resource matching path /api/v1/auth/accept-invite could not be located on this server.
[2026-05-21 00:33:44:3344] info: 📡 MongoDB Engine Engaged: localhost
[2026-05-21 00:33:50:3350] warn: [POST /api/v1/auth/accept-invite] ⚠️ Invalid or corrupted invitation link.
[2026-05-21 00:35:02:352] error: [POST /api/v1/auth/accept-invite] ❌ User is not defined
Stack: ReferenceError: User is not defined
    at file:///D:/RENTALS%20BACKEND/src/controllers/auth.controller.js:226:24
    at file:///D:/RENTALS%20BACKEND/src/utils/catchAsync.js:7:5
    at Layer.handleRequest (D:\RENTALS BACKEND\node_modules\router\lib\layer.js:152:17)
    at next (D:\RENTALS BACKEND\node_modules\router\lib\route.js:157:13)
    at Route.dispatch (D:\RENTALS BACKEND\node_modules\router\lib\route.js:117:3)
    at handle (D:\RENTALS BACKEND\node_modules\router\index.js:435:11)
    at Layer.handleRequest (D:\RENTALS BACKEND\node_modules\router\lib\layer.js:152:17)
    at D:\RENTALS BACKEND\node_modules\router\index.js:295:15
    at processParams (D:\RENTALS BACKEND\node_modules\router\index.js:582:12)
    at next (D:\RENTALS BACKEND\node_modules\router\index.js:291:5)
[2026-05-21 00:35:38:3538] info: 📡 MongoDB Engine Engaged: localhost
[2026-05-21 00:36:12:3612] error: [POST /api/v1/auth/accept-invite] ❌ User validation failed: passwordHash: Password signature is required
Stack: ValidationError: User validation failed: passwordHash: Password signature is required
    at model.validate (D:\RENTALS BACKEND\node_modules\mongoose\lib\document.js:2864:36)
    at process.processTicksAndRejections (node:internal/process/task_queues:105:5)
    at async model.$__save (D:\RENTALS BACKEND\node_modules\mongoose\lib\model.js:393:7)
    at async model.save (D:\RENTALS BACKEND\node_modules\mongoose\lib\model.js:667:5)
    at async Function.create (D:\RENTALS BACKEND\node_modules\mongoose\lib\model.js:2747:5)
    at async file:///D:/RENTALS%20BACKEND/src/controllers/auth.controller.js:233:20
[2026-05-21 00:41:16:4116] info: 📡 MongoDB Engine Engaged: localhost
[2026-05-21 00:41:46:4146] info: 📡 MongoDB Engine Engaged: localhost
[2026-05-21 00:42:19:4219] error: [POST /api/v1/auth/accept-invite] ❌ hashedPassword is not defined
Stack: ReferenceError: hashedPassword is not defined
    at file:///D:/RENTALS%20BACKEND/src/controllers/auth.controller.js:239:19
    at process.processTicksAndRejections (node:internal/process/task_queues:105:5)
[2026-05-21 00:42:41:4241] info: 📡 MongoDB Engine Engaged: localhost
[2026-05-21 00:43:18:4318] info: 📡 MongoDB Engine Engaged: localhost
[2026-05-21 10:34:49:3449] info: 📡 MongoDB Engine Engaged: localhost
[2026-05-21 11:06:15:615] warn: [POST /api/v1/agencies/register] ⚠️ The resource matching path /api/v1/agencies/register could not be located on this server.
[2026-05-21 11:07:28:728] warn: [POST /api/v1/agencies] ⚠️ body.corporateName : Invalid input: expected string, received undefined, body.hqAddress : Invalid input: expected string, received undefined
[2026-05-21 11:08:22:822] info: 📡 MongoDB Engine Engaged: localhost
[2026-05-21 11:08:32:832] warn: [POST /api/v1/agencies] ⚠️ body.corporateName : Invalid input: expected string, received undefined, body.hqAddress : Invalid input: expected string, received undefined
[2026-05-21 11:15:52:1552] info: 📡 MongoDB Engine Engaged: localhost
[2026-05-21 12:03:59:359] info: 📡 MongoDB Engine Engaged: localhost
[2026-05-21 12:05:25:525] info: 📡 MongoDB Engine Engaged: localhost
[2026-05-21 12:27:30:2730] info: 📡 MongoDB Engine Engaged: localhost
[2026-05-21 12:27:57:2757] error: [GET /api/v1/properties/search?location=Ikoyi&maxBudget=100m&sort=price] ❌ getAllProperties is not defined
Stack: ReferenceError: getAllProperties is not defined
    at file:///D:/RENTALS%20BACKEND/src/controllers/property.controller.js:99:25
    at file:///D:/RENTALS%20BACKEND/src/utils/catchAsync.js:7:5
    at Layer.handleRequest (D:\RENTALS BACKEND\node_modules\router\lib\layer.js:152:17)
    at next (D:\RENTALS BACKEND\node_modules\router\lib\route.js:157:13)
    at Route.dispatch (D:\RENTALS BACKEND\node_modules\router\lib\route.js:117:3)
    at handle (D:\RENTALS BACKEND\node_modules\router\index.js:435:11)
    at Layer.handleRequest (D:\RENTALS BACKEND\node_modules\router\lib\layer.js:152:17)
    at D:\RENTALS BACKEND\node_modules\router\index.js:295:15
    at processParams (D:\RENTALS BACKEND\node_modules\router\index.js:582:12)
    at next (D:\RENTALS BACKEND\node_modules\router\index.js:291:5)
[2026-05-21 12:28:56:2856] info: 📡 MongoDB Engine Engaged: localhost
[2026-05-21 19:44:53:4453] info: 📡 MongoDB Engine Engaged: localhost
[2026-05-21 22:16:54:1654] warn: [POST /api/v1/properties] ⚠️ body : Invalid input: expected object, received undefined
[2026-05-21 22:16:54:1654] warn: [POST /api/v1/properties] ⚠️ body : Invalid input: expected object, received undefined
[2026-05-21 22:17:21:1721] info: 📡 MongoDB Engine Engaged: localhost
[2026-05-21 22:17:24:1724] warn: [POST /api/v1/properties] ⚠️ body : Invalid input: expected object, received undefined
[2026-05-21 22:17:24:1724] warn: [POST /api/v1/properties] ⚠️ body : Invalid input: expected object, received undefined
[2026-05-21 22:17:38:1738] info: 📡 MongoDB Engine Engaged: localhost
[2026-05-21 22:17:43:1743] warn: [POST /api/v1/properties] ⚠️ body : Invalid input: expected object, received undefined
[2026-05-21 22:17:43:1743] warn: [POST /api/v1/properties] ⚠️ body : Invalid input: expected object, received undefined
[2026-05-21 22:22:14:2214] info: 📡 MongoDB Engine Engaged: localhost
[2026-05-21 22:22:19:2219] warn: [POST /api/v1/properties] ⚠️ body : Invalid input: expected object, received undefined
[2026-05-21 22:22:19:2219] warn: [POST /api/v1/properties] ⚠️ body : Invalid input: expected object, received undefined
[2026-05-22 09:35:56:3556] info: 📡 MongoDB Engine Engaged: localhost
[2026-05-22 09:37:26:3726] info: 📡 MongoDB Engine Engaged: localhost
[2026-05-22 09:40:14:4014] info: 📡 MongoDB Engine Engaged: localhost
[2026-05-22 09:42:06:426] warn: [POST /api/v1/properties] ⚠️ body : Invalid input: expected object, received undefined
[2026-05-22 09:42:06:426] warn: [POST /api/v1/properties] ⚠️ body : Invalid input: expected object, received undefined
[2026-05-22 09:48:27:4827] info: 📡 MongoDB Engine Engaged: localhost
[2026-05-22 09:49:28:4928] warn: [POST /api/v1/properties] ⚠️ body.pricePerAnnum : Invalid input: expected number, received string, body.serviceCharge : Invalid input: expected number, received string, body.cautionFee : Invalid input: expected number, received string, body.beds : Invalid input: expected number, received string, body.baths : Invalid input: expected number, received string, body.location : Invalid input: expected object, received string
[2026-05-22 09:49:50:4950] info: 📡 MongoDB Engine Engaged: localhost
[2026-05-22 09:51:25:5125] warn: [POST /api/v1/properties] ⚠️ body.description : Provide a detailed description, body.pricePerAnnum : Invalid input: expected number, received string, body.serviceCharge : Invalid input: expected number, received string, body.cautionFee : Invalid input: expected number, received string, body.beds : Invalid input: expected number, received string, body.baths : Invalid input: expected number, received string, body.location : Invalid input: expected object, received string
[2026-05-22 09:55:14:5514] info: 📡 MongoDB Engine Engaged: localhost
[2026-05-22 10:00:13:013] warn: [POST /api/v1/properties] ⚠️ body.beds : Too small: expected number to be >0, body.baths : Too small: expected number to be >0
[2026-05-22 10:00:56:056] info: 📡 MongoDB Engine Engaged: localhost
[2026-05-22 10:01:03:13] warn: [POST /api/v1/properties] ⚠️ body.beds : Too small: expected number to be >0, body.baths : Too small: expected number to be >0
[2026-05-22 10:02:59:259] warn: [POST /api/v1/properties] ⚠️ body.beds : Too small: expected number to be >0, body.baths : Too small: expected number to be >0
[2026-05-22 10:10:17:1017] info: 📡 MongoDB Engine Engaged: localhost
[2026-05-22 14:59:03:593] info: 📡 MongoDB Engine Engaged: localhost
[2026-05-22 15:07:34:734] info: 📡 MongoDB Engine Engaged: localhost
[2026-05-22 15:10:46:1046] warn: [POST /api/v1/properties] ⚠️ body.description : Provide a detailed description
[2026-05-22 15:16:03:163] info: 📡 MongoDB Engine Engaged: localhost
[2026-05-22 15:16:54:1654] info: 📡 MongoDB Engine Engaged: localhost
[2026-05-22 15:17:48:1748] info: 📡 MongoDB Engine Engaged: localhost
[2026-05-22 15:21:17:2117] info: 📡 MongoDB Engine Engaged: localhost
[2026-05-22 15:21:46:2146] info: 📡 MongoDB Engine Engaged: localhost
[2026-05-22 15:38:18:3818] info: 📡 MongoDB Engine Engaged: localhost
[2026-05-22 15:42:44:4244] info: 📡 MongoDB Engine Engaged: localhost
[2026-05-22 15:45:13:4513] info: 📡 MongoDB Engine Engaged: localhost
[2026-05-22 15:45:19:4519] info: 📡 MongoDB Engine Engaged: localhost
[2026-05-22 19:50:48:5048] info: 📡 MongoDB Engine Engaged: localhost
[2026-05-22 20:03:00:30] info: 📡 MongoDB Engine Engaged: localhost
[2026-05-22 20:05:36:536] info: 📡 MongoDB Engine Engaged: localhost
[2026-05-22 20:06:25:625] info: 📡 MongoDB Engine Engaged: localhost
[2026-05-22 20:06:33:633] info: 📡 MongoDB Engine Engaged: localhost
[2026-05-22 20:06:50:650] info: 📡 MongoDB Engine Engaged: localhost
[2026-05-22 20:12:52:1252] info: 📡 MongoDB Engine Engaged: localhost
[2026-05-22 20:23:15:2315] info: 📡 MongoDB Engine Engaged: localhost
[2026-05-22 20:23:31:2331] info: 📡 MongoDB Engine Engaged: localhost
[2026-05-23 21:01:53:153] info: 📡 MongoDB Engine Engaged: localhost
[2026-05-23 21:04:24:424] info: 📡 MongoDB Engine Engaged: localhost
[2026-05-24 13:22:11:2211] info: 📡 MongoDB Engine Engaged: localhost
[2026-05-24 13:23:45:2345] info: 📡 MongoDB Engine Engaged: localhost
[2026-05-24 13:34:51:3451] info: 📡 MongoDB Engine Engaged: localhost
[2026-05-24 13:35:04:354] info: 📡 MongoDB Engine Engaged: localhost
[2026-05-24 13:36:41:3641] info: 📡 MongoDB Engine Engaged: localhost
[2026-05-24 13:38:29:3829] info: 📡 MongoDB Engine Engaged: localhost
[2026-05-24 13:39:14:3914] info: 📡 MongoDB Engine Engaged: localhost
[2026-05-24 13:41:36:4136] info: 📡 MongoDB Engine Engaged: localhost
[2026-05-24 13:42:16:4216] info: 📡 MongoDB Engine Engaged: localhost
[2026-05-24 17:20:38:2038] warn: [POST /api/v1/auth/login] ⚠️ Invalid authentication credentials.
[2026-05-24 17:37:28:3728] info: 📡 MongoDB Engine Engaged: localhost
[2026-05-24 17:40:00:400] warn: [GET /api/v1/api/v1/properties?isAvailable=all] ⚠️ The resource matching path /api/v1/api/v1/properties?isAvailable=all could not be located on this server.
[2026-05-24 17:40:01:401] warn: [GET /api/v1/api/v1/properties?isAvailable=all] ⚠️ The resource matching path /api/v1/api/v1/properties?isAvailable=all could not be located on this server.
[2026-05-24 17:45:25:4525] warn: [GET /api/v1/api/v1/properties?isAvailable=all] ⚠️ The resource matching path /api/v1/api/v1/properties?isAvailable=all could not be located on this server.
[2026-05-24 17:45:26:4526] warn: [GET /api/v1/api/v1/properties?isAvailable=all] ⚠️ The resource matching path /api/v1/api/v1/properties?isAvailable=all could not be located on this server.
[2026-05-24 17:50:33:5033] error: [PATCH /api/v1/properties/6a11af8fe5ab55e6be4326e5] ❌ Cannot read properties of undefined (reading 'agencyId')
Stack: TypeError: Cannot read properties of undefined (reading 'agencyId')
    at file:///D:/RENTALS%20BACKEND/src/controllers/property.controller.js:136:29
    at file:///D:/RENTALS%20BACKEND/src/utils/catchAsync.js:7:5
    at Layer.handleRequest (D:\RENTALS BACKEND\node_modules\router\lib\layer.js:152:17)
    at next (D:\RENTALS BACKEND\node_modules\router\lib\route.js:157:13)
    at Route.dispatch (D:\RENTALS BACKEND\node_modules\router\lib\route.js:117:3)
    at handle (D:\RENTALS BACKEND\node_modules\router\index.js:435:11)
    at Layer.handleRequest (D:\RENTALS BACKEND\node_modules\router\lib\layer.js:152:17)
    at D:\RENTALS BACKEND\node_modules\router\index.js:295:15
    at param (D:\RENTALS BACKEND\node_modules\router\index.js:600:14)
    at param (D:\RENTALS BACKEND\node_modules\router\index.js:610:14)
[2026-05-24 17:53:49:5349] info: 📡 MongoDB Engine Engaged: localhost
