[2026-05-21 00:07:46:746] error: [POST /api/v1/auth/invite-agent] ❌ AppError is not defined
Stack: ReferenceError: AppError is not defined
    at inviteAgent (file:///D:/RENTALS%20BACKEND/src/controllers/auth.controller.js:82:21)
    at Layer.handleRequest (D:\RENTALS BACKEND\node_modules\router\lib\layer.js:152:17)
    at next (D:\RENTALS BACKEND\node_modules\router\lib\route.js:157:13)
    at file:///D:/RENTALS%20BACKEND/src/middleware/auth.middleware.js:34:3
    at process.processTicksAndRejections (node:internal/process/task_queues:105:5)
[2026-05-21 00:11:03:113] error: [POST /api/v1/auth/invite-agent] ❌ Failed to dispatch the invitation email. Please check your SMTP configuration.
Stack: Error: Failed to dispatch the invitation email. Please check your SMTP configuration.
    at inviteAgent (file:///D:/RENTALS%20BACKEND/src/controllers/auth.controller.js:158:17)
    at Layer.handleRequest (D:\RENTALS BACKEND\node_modules\router\lib\layer.js:152:17)
    at next (D:\RENTALS BACKEND\node_modules\router\lib\route.js:157:13)
    at file:///D:/RENTALS%20BACKEND/src/middleware/auth.middleware.js:34:3
    at process.processTicksAndRejections (node:internal/process/task_queues:105:5)
[2026-05-21 00:35:02:352] error: [POST /api/v1/auth/accept-invite] ❌ User is not defined
Stack: ReferenceError: User is not defined
    at file:///D:/RENTALS%20BACKEND/src/controllers/auth.controller.js:226:24
    at file:///D:/RENTALS%20BACKEND/src/utils/catchAsync.js:7:5
    at Layer.handleRequest (D:\RENTALS BACKEND\node_modules\router\lib\layer.js:152:17)
    at next (D:\RENTALS BACKEND\node_modules\router\lib\route.js:157:13)
    at Route.dispatch (D:\RENTALS BACKEND\node_modules\router\lib\route.js:117:3)
    at handle (D:\RENTALS BACKEND\node_modules\router\index.js:435:11)
    at Layer.handleRequest (D:\RENTALS BACKEND\node_modules\router\lib\layer.js:152:17)
    at D:\RENTALS BACKEND\node_modules\router\index.js:295:15
    at processParams (D:\RENTALS BACKEND\node_modules\router\index.js:582:12)
    at next (D:\RENTALS BACKEND\node_modules\router\index.js:291:5)
[2026-05-21 00:36:12:3612] error: [POST /api/v1/auth/accept-invite] ❌ User validation failed: passwordHash: Password signature is required
Stack: ValidationError: User validation failed: passwordHash: Password signature is required
    at model.validate (D:\RENTALS BACKEND\node_modules\mongoose\lib\document.js:2864:36)
    at process.processTicksAndRejections (node:internal/process/task_queues:105:5)
    at async model.$__save (D:\RENTALS BACKEND\node_modules\mongoose\lib\model.js:393:7)
    at async model.save (D:\RENTALS BACKEND\node_modules\mongoose\lib\model.js:667:5)
    at async Function.create (D:\RENTALS BACKEND\node_modules\mongoose\lib\model.js:2747:5)
    at async file:///D:/RENTALS%20BACKEND/src/controllers/auth.controller.js:233:20
[2026-05-21 00:42:19:4219] error: [POST /api/v1/auth/accept-invite] ❌ hashedPassword is not defined
Stack: ReferenceError: hashedPassword is not defined
    at file:///D:/RENTALS%20BACKEND/src/controllers/auth.controller.js:239:19
    at process.processTicksAndRejections (node:internal/process/task_queues:105:5)
[2026-05-21 12:27:57:2757] error: [GET /api/v1/properties/search?location=Ikoyi&maxBudget=100m&sort=price] ❌ getAllProperties is not defined
Stack: ReferenceError: getAllProperties is not defined
    at file:///D:/RENTALS%20BACKEND/src/controllers/property.controller.js:99:25
    at file:///D:/RENTALS%20BACKEND/src/utils/catchAsync.js:7:5
    at Layer.handleRequest (D:\RENTALS BACKEND\node_modules\router\lib\layer.js:152:17)
    at next (D:\RENTALS BACKEND\node_modules\router\lib\route.js:157:13)
    at Route.dispatch (D:\RENTALS BACKEND\node_modules\router\lib\route.js:117:3)
    at handle (D:\RENTALS BACKEND\node_modules\router\index.js:435:11)
    at Layer.handleRequest (D:\RENTALS BACKEND\node_modules\router\lib\layer.js:152:17)
    at D:\RENTALS BACKEND\node_modules\router\index.js:295:15
    at processParams (D:\RENTALS BACKEND\node_modules\router\index.js:582:12)
    at next (D:\RENTALS BACKEND\node_modules\router\index.js:291:5)
[2026-05-24 17:50:33:5033] error: [PATCH /api/v1/properties/6a11af8fe5ab55e6be4326e5] ❌ Cannot read properties of undefined (reading 'agencyId')
Stack: TypeError: Cannot read properties of undefined (reading 'agencyId')
    at file:///D:/RENTALS%20BACKEND/src/controllers/property.controller.js:136:29
    at file:///D:/RENTALS%20BACKEND/src/utils/catchAsync.js:7:5
    at Layer.handleRequest (D:\RENTALS BACKEND\node_modules\router\lib\layer.js:152:17)
    at next (D:\RENTALS BACKEND\node_modules\router\lib\route.js:157:13)
    at Route.dispatch (D:\RENTALS BACKEND\node_modules\router\lib\route.js:117:3)
    at handle (D:\RENTALS BACKEND\node_modules\router\index.js:435:11)
    at Layer.handleRequest (D:\RENTALS BACKEND\node_modules\router\lib\layer.js:152:17)
    at D:\RENTALS BACKEND\node_modules\router\index.js:295:15
    at param (D:\RENTALS BACKEND\node_modules\router\index.js:600:14)
    at param (D:\RENTALS BACKEND\node_modules\router\index.js:610:14)
[2026-05-27 14:07:36:736] error: [PATCH /api/v1/admin/agency/6a0edb9b5746f78bddd2a787/review] ❌ Cannot read properties of undefined (reading 'body')
Stack: TypeError: Cannot read properties of undefined (reading 'body')
    at file:///D:/RENTALS%20BACKEND/src/controllers/admin.controller.js:13:50
    at file:///D:/RENTALS%20BACKEND/src/utils/catchAsync.js:7:5
    at Layer.handleRequest (D:\RENTALS BACKEND\node_modules\router\lib\layer.js:152:17)
    at next (D:\RENTALS BACKEND\node_modules\router\lib\route.js:157:13)
    at file:///D:/RENTALS%20BACKEND/src/middleware/auth.middleware.js:34:3
    at process.processTicksAndRejections (node:internal/process/task_queues:105:5)
[2026-05-27 14:07:42:742] error: [PATCH /api/v1/admin/agency/6a0edb9b5746f78bddd2a787/review] ❌ Cannot read properties of undefined (reading 'body')
Stack: TypeError: Cannot read properties of undefined (reading 'body')
    at file:///D:/RENTALS%20BACKEND/src/controllers/admin.controller.js:13:50
    at file:///D:/RENTALS%20BACKEND/src/utils/catchAsync.js:7:5
    at Layer.handleRequest (D:\RENTALS BACKEND\node_modules\router\lib\layer.js:152:17)
    at next (D:\RENTALS BACKEND\node_modules\router\lib\route.js:157:13)
    at file:///D:/RENTALS%20BACKEND/src/middleware/auth.middleware.js:34:3
    at process.processTicksAndRejections (node:internal/process/task_queues:105:5)
[2026-05-27 14:11:03:113] error: [PATCH /api/v1/admin/agency/6a0edb9b5746f78bddd2a787/review] ❌ processAgencyApplication is not defined
Stack: ReferenceError: processAgencyApplication is not defined
    at file:///D:/RENTALS%20BACKEND/src/controllers/admin.controller.js:20:25
    at file:///D:/RENTALS%20BACKEND/src/utils/catchAsync.js:7:5
    at Layer.handleRequest (D:\RENTALS BACKEND\node_modules\router\lib\layer.js:152:17)
    at next (D:\RENTALS BACKEND\node_modules\router\lib\route.js:157:13)
    at file:///D:/RENTALS%20BACKEND/src/middleware/auth.middleware.js:34:3
    at process.processTicksAndRejections (node:internal/process/task_queues:105:5)
[2026-05-27 14:11:09:119] error: [PATCH /api/v1/admin/agency/6a0edb9b5746f78bddd2a787/review] ❌ processAgencyApplication is not defined
Stack: ReferenceError: processAgencyApplication is not defined
    at file:///D:/RENTALS%20BACKEND/src/controllers/admin.controller.js:20:25
    at file:///D:/RENTALS%20BACKEND/src/utils/catchAsync.js:7:5
    at Layer.handleRequest (D:\RENTALS BACKEND\node_modules\router\lib\layer.js:152:17)
    at next (D:\RENTALS BACKEND\node_modules\router\lib\route.js:157:13)
    at file:///D:/RENTALS%20BACKEND/src/middleware/auth.middleware.js:34:3
    at process.processTicksAndRejections (node:internal/process/task_queues:105:5)
[2026-06-03 16:25:55:2555] error: ❌ Critical Database Connection Failure: connect ECONNREFUSED ::1:27017, connect ECONNREFUSED 127.0.0.1:27017
[2026-06-03 16:27:44:2744] error: ❌ Critical Database Connection Failure: connect ECONNREFUSED ::1:27017, connect ECONNREFUSED 127.0.0.1:27017
[2026-06-03 19:32:08:328] error: ❌ Critical Database Connection Failure: connect ECONNREFUSED ::1:27017, connect ECONNREFUSED 127.0.0.1:27017
[2026-06-06 18:14:56:1456] error: [PATCH /api/v1/admin/applications/6a22aca87f9dac60c4dbb4c1/review] ❌ HotelApplication validation failed: status: `Approved` is not a valid enum value for path `status`.
Stack: ValidationError: HotelApplication validation failed: status: `Approved` is not a valid enum value for path `status`.
    at model.validate (D:\RENTALS BACKEND\node_modules\mongoose\lib\document.js:2864:36)
    at process.processTicksAndRejections (node:internal/process/task_queues:105:5)
    at async model.$__save (D:\RENTALS BACKEND\node_modules\mongoose\lib\model.js:393:7)
    at async model.save (D:\RENTALS BACKEND\node_modules\mongoose\lib\model.js:667:5)
    at async file:///D:/RENTALS%20BACKEND/src/controllers/admin.controller.js:81:5
[2026-06-06 18:16:50:1650] error: [PATCH /api/v1/admin/applications/6a22aca87f9dac60c4dbb4c1/review] ❌ HotelApplication validation failed: status: `Approved` is not a valid enum value for path `status`.
Stack: ValidationError: HotelApplication validation failed: status: `Approved` is not a valid enum value for path `status`.
    at model.validate (D:\RENTALS BACKEND\node_modules\mongoose\lib\document.js:2864:36)
    at process.processTicksAndRejections (node:internal/process/task_queues:105:5)
    at async model.$__save (D:\RENTALS BACKEND\node_modules\mongoose\lib\model.js:393:7)
    at async model.save (D:\RENTALS BACKEND\node_modules\mongoose\lib\model.js:667:5)
    at async file:///D:/RENTALS%20BACKEND/src/controllers/admin.controller.js:81:5
[2026-06-08 12:37:11:3711] error: ❌ Critical Database Connection Failure: connect ECONNREFUSED ::1:27017, connect ECONNREFUSED 127.0.0.1:27017
[2026-06-08 13:43:37:4337] error: ❌ Critical Database Connection Failure: connect ECONNREFUSED ::1:27017, connect ECONNREFUSED 127.0.0.1:27017
[2026-06-08 14:38:50:3850] error: ❌ Critical Database Connection Failure: connect ECONNREFUSED ::1:27017, connect ECONNREFUSED 127.0.0.1:27017
[2026-06-12 22:29:44:2944] error: [OPTIONS /api/v1/auth/login] ❌ Blocked by CORS policy: This origin is unauthorized.
Stack: Error: Blocked by CORS policy: This origin is unauthorized.
    at origin (file:///D:/RENTALS%20BACKEND/src/app.js:37:16)
    at D:\RENTALS BACKEND\node_modules\cors\lib\index.js:219:13
    at optionsCallback (D:\RENTALS BACKEND\node_modules\cors\lib\index.js:199:9)
    at corsMiddleware (D:\RENTALS BACKEND\node_modules\cors\lib\index.js:204:7)
    at Layer.handleRequest (D:\RENTALS BACKEND\node_modules\router\lib\layer.js:152:17)
    at trimPrefix (D:\RENTALS BACKEND\node_modules\router\index.js:342:13)
    at D:\RENTALS BACKEND\node_modules\router\index.js:297:9
    at processParams (D:\RENTALS BACKEND\node_modules\router\index.js:582:12)
    at next (D:\RENTALS BACKEND\node_modules\router\index.js:291:5)
    at internalNext (file:///D:/RENTALS%20BACKEND/node_modules/helmet/index.mjs:527:6)
[2026-06-12 22:29:49:2949] error: [OPTIONS /api/v1/auth/login] ❌ Blocked by CORS policy: This origin is unauthorized.
Stack: Error: Blocked by CORS policy: This origin is unauthorized.
    at origin (file:///D:/RENTALS%20BACKEND/src/app.js:37:16)
    at D:\RENTALS BACKEND\node_modules\cors\lib\index.js:219:13
    at optionsCallback (D:\RENTALS BACKEND\node_modules\cors\lib\index.js:199:9)
    at corsMiddleware (D:\RENTALS BACKEND\node_modules\cors\lib\index.js:204:7)
    at Layer.handleRequest (D:\RENTALS BACKEND\node_modules\router\lib\layer.js:152:17)
    at trimPrefix (D:\RENTALS BACKEND\node_modules\router\index.js:342:13)
    at D:\RENTALS BACKEND\node_modules\router\index.js:297:9
    at processParams (D:\RENTALS BACKEND\node_modules\router\index.js:582:12)
    at next (D:\RENTALS BACKEND\node_modules\router\index.js:291:5)
    at internalNext (file:///D:/RENTALS%20BACKEND/node_modules/helmet/index.mjs:527:6)
[2026-06-12 22:29:58:2958] error: [OPTIONS /api/v1/auth/login] ❌ Blocked by CORS policy: This origin is unauthorized.
Stack: Error: Blocked by CORS policy: This origin is unauthorized.
    at origin (file:///D:/RENTALS%20BACKEND/src/app.js:37:16)
    at D:\RENTALS BACKEND\node_modules\cors\lib\index.js:219:13
    at optionsCallback (D:\RENTALS BACKEND\node_modules\cors\lib\index.js:199:9)
    at corsMiddleware (D:\RENTALS BACKEND\node_modules\cors\lib\index.js:204:7)
    at Layer.handleRequest (D:\RENTALS BACKEND\node_modules\router\lib\layer.js:152:17)
    at trimPrefix (D:\RENTALS BACKEND\node_modules\router\index.js:342:13)
    at D:\RENTALS BACKEND\node_modules\router\index.js:297:9
    at processParams (D:\RENTALS BACKEND\node_modules\router\index.js:582:12)
    at next (D:\RENTALS BACKEND\node_modules\router\index.js:291:5)
    at internalNext (file:///D:/RENTALS%20BACKEND/node_modules/helmet/index.mjs:527:6)
[2026-06-14 20:00:50:050] error: ❌ Critical Database Connection Failure: connect ECONNREFUSED ::1:27017, connect ECONNREFUSED 127.0.0.1:27017
[2026-06-15 11:18:10:1810] error: [POST /api/v1/auth/login] ❌ HotelApplication is not defined
Stack: ReferenceError: HotelApplication is not defined
    at Module.loginUserAccount (file:///D:/RENTALS%20BACKEND/src/services/auth.service.js:66:26)
    at async file:///D:/RENTALS%20BACKEND/src/controllers/auth.controller.js:23:27
[2026-06-15 11:18:48:1848] error: [POST /api/v1/auth/login] ❌ HotelApplication is not defined
Stack: ReferenceError: HotelApplication is not defined
    at Module.loginUserAccount (file:///D:/RENTALS%20BACKEND/src/services/auth.service.js:66:26)
    at async file:///D:/RENTALS%20BACKEND/src/controllers/auth.controller.js:23:27
